<?xml version="1.0" encoding="UTF-8"?>
<!-- Generated by org.testng.reporters.JUnitXMLReporter -->
<testsuite ignored="0" hostname="DESKTOP-V6C2F8P" failures="1" tests="1" name="Image Comparison" time="20.118" errors="0" timestamp="2023-05-15T15:27:27 VLAT">
  <testcase classname="uitests.ImageCompareTests" name="comparisonTests" time="3.716">
    <failure type="java.lang.AssertionError" message="expected [false] but found [true]">
      <![CDATA[java.lang.AssertionError: expected [false] but found [true]
at uitests.ImageCompareTests.comparisonTests(ImageCompareTests.java:51)
at java.base/java.util.ArrayList.forEach(ArrayList.java:1511)
... Removed 33 stack frames]]>
    </failure>
  </testcase> <!-- comparisonTests -->
</testsuite> <!-- Image Comparison -->
